# JRE version: 7.0_21-b12
# Java VM: Java HotSpot(TM) 64-Bit Server VM (23.21-b01 mixed mode bsd-amd64 compressed oops)
Heap
 PSYoungGen      total 23488K, used 4467K [0x0000000144770000, 0x0000000147220000, 0x000000015eac0000)
  eden space 20160K, 5% used [0x0000000144770000,0x000000014488e700,0x0000000145b20000)
  from space 3328K, 99% used [0x0000000145b20000,0x0000000145e5e848,0x0000000145e60000)
  to   space 3328K, 0% used [0x0000000146ee0000,0x0000000146ee0000,0x0000000147220000)
 ParOldGen       total 53696K, used 7437K [0x00000001100c0000, 0x0000000113530000, 0x0000000144770000)
  object space 53696K, 13% used [0x00000001100c0000,0x0000000110803648,0x0000000113530000)
 PSPermGen       total 21824K, used 21786K [0x000000010aec0000, 0x000000010c410000, 0x00000001100c0000)
  object space 21824K, 99% used [0x000000010aec0000,0x000000010c406978,0x000000010c410000)
GC Heap History (6 events):
Event: 0.845 GC heap before
{Heap before GC invocations=1 (full 0):
 PSYoungGen      total 23488K, used 20160K [0x0000000144770000, 0x00000001461a0000, 0x000000015eac0000)
  eden space 20160K, 100% used [0x0000000144770000,0x0000000145b20000,0x0000000145b20000)
  from space 3328K, 0% used [0x0000000145e60000,0x0000000145e60000,0x00000001461a0000)
  to   space 3328K, 0% used [0x0000000145b20000,0x0000000145b20000,0x0000000145e60000)
 ParOldGen       total 53696K, used 0K [0x00000001100c0000, 0x0000000113530000, 0x0000000144770000)
  object space 53696K, 0% used [0x00000001100c0000,0x00000001100c0000,0x0000000113530000)
 PSPermGen       total 21248K, used 10606K [0x000000010aec0000, 0x000000010c380000, 0x00000001100c0000)
  object space 21248K, 49% used [0x000000010aec0000,0x000000010b91bac8,0x000000010c380000)
Event: 0.855 GC heap after
Heap after GC invocations=1 (full 0):
 PSYoungGen      total 23488K, used 3322K [0x0000000144770000, 0x0000000147550000, 0x000000015eac0000)
  eden space 20160K, 0% used [0x0000000144770000,0x0000000144770000,0x0000000145b20000)
  from space 3328K, 99% used [0x0000000145b20000,0x0000000145e5e858,0x0000000145e60000)
  to   space 3328K, 0% used [0x0000000147210000,0x0000000147210000,0x0000000147550000)
 ParOldGen       total 53696K, used 569K [0x00000001100c0000, 0x0000000113530000, 0x0000000144770000)
  object space 53696K, 1% used [0x00000001100c0000,0x000000011014e7b8,0x0000000113530000)
 PSPermGen       total 21248K, used 10606K [0x000000010aec0000, 0x000000010c380000, 0x00000001100c0000)
  object space 21248K, 49% used [0x000000010aec0000,0x000000010b91bac8,0x000000010c380000)
}
Event: 5.544 GC heap before
{Heap before GC invocations=2 (full 0):
 PSYoungGen      total 23488K, used 23482K [0x0000000144770000, 0x0000000147550000, 0x000000015eac0000)
  eden space 20160K, 100% used [0x0000000144770000,0x0000000145b20000,0x0000000145b20000)
  from space 3328K, 99% used [0x0000000145b20000,0x0000000145e5e858,0x0000000145e60000)
  to   space 3328K, 0% used [0x0000000147210000,0x0000000147210000,0x0000000147550000)
 ParOldGen       total 53696K, used 569K [0x00000001100c0000, 0x0000000113530000, 0x0000000144770000)
  object space 53696K, 1% used [0x00000001100c0000,0x000000011014e7b8,0x0000000113530000)
 PSPermGen       total 21248K, used 17359K [0x000000010aec0000, 0x000000010c380000, 0x00000001100c0000)
  object space 21248K, 81% used [0x000000010aec0000,0x000000010bfb3f98,0x000000010c380000)
Event: 5.557 GC heap after
Heap after GC invocations=2 (full 0):
 PSYoungGen      total 23488K, used 3322K [0x0000000144770000, 0x0000000147550000, 0x000000015eac0000)
  eden space 20160K, 0% used [0x0000000144770000,0x0000000144770000,0x0000000145b20000)
  from space 3328K, 99% used [0x0000000147210000,0x000000014754e848,0x0000000147550000)
  to   space 3328K, 0% used [0x0000000145b20000,0x0000000145b20000,0x0000000145e60000)
 ParOldGen       total 53696K, used 3733K [0x00000001100c0000, 0x0000000113530000, 0x0000000144770000)
  object space 53696K, 6% used [0x00000001100c0000,0x00000001104657e8,0x0000000113530000)
 PSPermGen       total 21248K, used 17359K [0x000000010aec0000, 0x000000010c380000, 0x00000001100c0000)
  object space 21248K, 81% used [0x000000010aec0000,0x000000010bfb3f98,0x000000010c380000)
}
Event: 29.777 GC heap before
{Heap before GC invocations=3 (full 0):
 PSYoungGen      total 23488K, used 23482K [0x0000000144770000, 0x0000000147550000, 0x000000015eac0000)
  eden space 20160K, 100% used [0x0000000144770000,0x0000000145b20000,0x0000000145b20000)
  from space 3328K, 99% used [0x0000000147210000,0x000000014754e848,0x0000000147550000)
  to   space 3328K, 0% used [0x0000000145b20000,0x0000000145b20000,0x0000000145e60000)
 ParOldGen       total 53696K, used 3733K [0x00000001100c0000, 0x0000000113530000, 0x0000000144770000)
  object space 53696K, 6% used [0x00000001100c0000,0x00000001104657e8,0x0000000113530000)
 PSPermGen       total 21824K, used 21709K [0x000000010aec0000, 0x000000010c410000, 0x00000001100c0000)
  object space 21824K, 99% used [0x000000010aec0000,0x000000010c3f35b8,0x000000010c410000)
Event: 29.790 GC heap after
Heap after GC invocations=3 (full 0):
 PSYoungGen      total 23488K, used 3322K [0x0000000144770000, 0x0000000147220000, 0x000000015eac0000)
  eden space 20160K, 0% used [0x0000000144770000,0x0000000144770000,0x0000000145b20000)
  from space 3328K, 99% used [0x0000000145b20000,0x0000000145e5e848,0x0000000145e60000)
  to   space 3328K, 0% used [0x0000000146ee0000,0x0000000146ee0000,0x0000000147220000)
 ParOldGen       total 53696K, used 7437K [0x00000001100c0000, 0x0000000113530000, 0x0000000144770000)
  object space 53696K, 13% used [0x00000001100c0000,0x0000000110803648,0x0000000113530000)
 PSPermGen       total 21824K, used 21709K [0x000000010aec0000, 0x000000010c410000, 0x00000001100c0000)
  object space 21824K, 99% used [0x000000010aec0000,0x000000010c3f35b8,0x000000010c410000)
}

