# JRE version: 7.0_21-b12
# Java VM: Java HotSpot(TM) 64-Bit Server VM (23.21-b01 mixed mode bsd-amd64 compressed oops)
Heap
 PSYoungGen      total 23488K, used 15712K [0x00000001463a0000, 0x0000000147dd0000, 0x00000001607a0000)
  eden space 20160K, 61% used [0x00000001463a0000,0x0000000146fba638,0x0000000147750000)
  from space 3328K, 99% used [0x0000000147750000,0x0000000147a8dc50,0x0000000147a90000)
  to   space 3328K, 0% used [0x0000000147a90000,0x0000000147a90000,0x0000000147dd0000)
 ParOldGen       total 53760K, used 7411K [0x0000000111ba0000, 0x0000000115020000, 0x00000001463a0000)
  object space 53760K, 13% used [0x0000000111ba0000,0x00000001122dcfe8,0x0000000115020000)
 PSPermGen       total 22592K, used 22433K [0x000000010c9a0000, 0x000000010dfb0000, 0x0000000111ba0000)
  object space 22592K, 99% used [0x000000010c9a0000,0x000000010df88640,0x000000010dfb0000)
GC Heap History (6 events):
Event: 0.873 GC heap before
{Heap before GC invocations=1 (full 0):
 PSYoungGen      total 23488K, used 20160K [0x00000001463a0000, 0x0000000147dd0000, 0x00000001607a0000)
  eden space 20160K, 100% used [0x00000001463a0000,0x0000000147750000,0x0000000147750000)
  from space 3328K, 0% used [0x0000000147a90000,0x0000000147a90000,0x0000000147dd0000)
  to   space 3328K, 0% used [0x0000000147750000,0x0000000147750000,0x0000000147a90000)
 ParOldGen       total 53760K, used 0K [0x0000000111ba0000, 0x0000000115020000, 0x00000001463a0000)
  object space 53760K, 0% used [0x0000000111ba0000,0x0000000111ba0000,0x0000000115020000)
 PSPermGen       total 21248K, used 10606K [0x000000010c9a0000, 0x000000010de60000, 0x0000000111ba0000)
  object space 21248K, 49% used [0x000000010c9a0000,0x000000010d3fbac8,0x000000010de60000)
Event: 0.881 GC heap after
Heap after GC invocations=1 (full 0):
 PSYoungGen      total 23488K, used 3306K [0x00000001463a0000, 0x0000000147dd0000, 0x00000001607a0000)
  eden space 20160K, 0% used [0x00000001463a0000,0x00000001463a0000,0x0000000147750000)
  from space 3328K, 99% used [0x0000000147750000,0x0000000147a8a868,0x0000000147a90000)
  to   space 3328K, 0% used [0x0000000147a90000,0x0000000147a90000,0x0000000147dd0000)
 ParOldGen       total 53760K, used 571K [0x0000000111ba0000, 0x0000000115020000, 0x00000001463a0000)
  object space 53760K, 1% used [0x0000000111ba0000,0x0000000111c2ec80,0x0000000115020000)
 PSPermGen       total 21248K, used 10606K [0x000000010c9a0000, 0x000000010de60000, 0x0000000111ba0000)
  object space 21248K, 49% used [0x000000010c9a0000,0x000000010d3fbac8,0x000000010de60000)
}
Event: 5.137 GC heap before
{Heap before GC invocations=2 (full 0):
 PSYoungGen      total 23488K, used 23466K [0x00000001463a0000, 0x0000000147dd0000, 0x00000001607a0000)
  eden space 20160K, 100% used [0x00000001463a0000,0x0000000147750000,0x0000000147750000)
  from space 3328K, 99% used [0x0000000147750000,0x0000000147a8a868,0x0000000147a90000)
  to   space 3328K, 0% used [0x0000000147a90000,0x0000000147a90000,0x0000000147dd0000)
 ParOldGen       total 53760K, used 571K [0x0000000111ba0000, 0x0000000115020000, 0x00000001463a0000)
  object space 53760K, 1% used [0x0000000111ba0000,0x0000000111c2ec80,0x0000000115020000)
 PSPermGen       total 21248K, used 17361K [0x000000010c9a0000, 0x000000010de60000, 0x0000000111ba0000)
  object space 21248K, 81% used [0x000000010c9a0000,0x000000010da944e8,0x000000010de60000)
Event: 5.151 GC heap after
Heap after GC invocations=2 (full 0):
 PSYoungGen      total 23488K, used 3299K [0x00000001463a0000, 0x0000000147dd0000, 0x00000001607a0000)
  eden space 20160K, 0% used [0x00000001463a0000,0x00000001463a0000,0x0000000147750000)
  from space 3328K, 99% used [0x0000000147a90000,0x0000000147dc8c70,0x0000000147dd0000)
  to   space 3328K, 0% used [0x0000000147750000,0x0000000147750000,0x0000000147a90000)
 ParOldGen       total 53760K, used 3794K [0x0000000111ba0000, 0x0000000115020000, 0x00000001463a0000)
  object space 53760K, 7% used [0x0000000111ba0000,0x0000000111f548b0,0x0000000115020000)
 PSPermGen       total 21248K, used 17361K [0x000000010c9a0000, 0x000000010de60000, 0x0000000111ba0000)
  object space 21248K, 81% used [0x000000010c9a0000,0x000000010da944e8,0x000000010de60000)
}
Event: 7.560 GC heap before
{Heap before GC invocations=3 (full 0):
 PSYoungGen      total 23488K, used 23459K [0x00000001463a0000, 0x0000000147dd0000, 0x00000001607a0000)
  eden space 20160K, 100% used [0x00000001463a0000,0x0000000147750000,0x0000000147750000)
  from space 3328K, 99% used [0x0000000147a90000,0x0000000147dc8c70,0x0000000147dd0000)
  to   space 3328K, 0% used [0x0000000147750000,0x0000000147750000,0x0000000147a90000)
 ParOldGen       total 53760K, used 3794K [0x0000000111ba0000, 0x0000000115020000, 0x00000001463a0000)
  object space 53760K, 7% used [0x0000000111ba0000,0x0000000111f548b0,0x0000000115020000)
 PSPermGen       total 21824K, used 21677K [0x000000010c9a0000, 0x000000010def0000, 0x0000000111ba0000)
  object space 21824K, 99% used [0x000000010c9a0000,0x000000010decb478,0x000000010def0000)
Event: 7.573 GC heap after
Heap after GC invocations=3 (full 0):
 PSYoungGen      total 23488K, used 3319K [0x00000001463a0000, 0x0000000147dd0000, 0x00000001607a0000)
  eden space 20160K, 0% used [0x00000001463a0000,0x00000001463a0000,0x0000000147750000)
  from space 3328K, 99% used [0x0000000147750000,0x0000000147a8dc50,0x0000000147a90000)
  to   space 3328K, 0% used [0x0000000147a90000,0x0000000147a90000,0x0000000147dd0000)
 ParOldGen       total 53760K, used 7411K [0x0000000111ba0000, 0x0000000115020000, 0x00000001463a0000)
  object space 53760K, 13% used [0x0000000111ba0000,0x00000001122dcfe8,0x0000000115020000)
 PSPermGen       total 21824K, used 21677K [0x000000010c9a0000, 0x000000010def0000, 0x0000000111ba0000)
  object space 21824K, 99% used [0x000000010c9a0000,0x000000010decb478,0x000000010def0000)
}

