# JRE version: 7.0_21-b12
# Java VM: Java HotSpot(TM) 64-Bit Server VM (23.21-b01 mixed mode bsd-amd64 compressed oops)
Heap
 PSYoungGen      total 23488K, used 10014K [0x0000000141ab0000, 0x0000000144560000, 0x000000015beb0000)
  eden space 20160K, 33% used [0x0000000141ab0000,0x0000000142138d10,0x0000000142e60000)
  from space 3328K, 99% used [0x0000000142e60000,0x000000014319eca8,0x00000001431a0000)
  to   space 3328K, 0% used [0x0000000144220000,0x0000000144220000,0x0000000144560000)
 ParOldGen       total 53760K, used 7414K [0x000000010d2b0000, 0x0000000110730000, 0x0000000141ab0000)
  object space 53760K, 13% used [0x000000010d2b0000,0x000000010d9edac0,0x0000000110730000)
 PSPermGen       total 22400K, used 22226K [0x00000001080b0000, 0x0000000109690000, 0x000000010d2b0000)
  object space 22400K, 99% used [0x00000001080b0000,0x00000001096649e0,0x0000000109690000)
GC Heap History (6 events):
Event: 0.854 GC heap before
{Heap before GC invocations=1 (full 0):
 PSYoungGen      total 23488K, used 20160K [0x0000000141ab0000, 0x00000001434e0000, 0x000000015beb0000)
  eden space 20160K, 100% used [0x0000000141ab0000,0x0000000142e60000,0x0000000142e60000)
  from space 3328K, 0% used [0x00000001431a0000,0x00000001431a0000,0x00000001434e0000)
  to   space 3328K, 0% used [0x0000000142e60000,0x0000000142e60000,0x00000001431a0000)
 ParOldGen       total 53760K, used 0K [0x000000010d2b0000, 0x0000000110730000, 0x0000000141ab0000)
  object space 53760K, 0% used [0x000000010d2b0000,0x000000010d2b0000,0x0000000110730000)
 PSPermGen       total 21248K, used 10606K [0x00000001080b0000, 0x0000000109570000, 0x000000010d2b0000)
  object space 21248K, 49% used [0x00000001080b0000,0x0000000108b0baa8,0x0000000109570000)
Event: 0.863 GC heap after
Heap after GC invocations=1 (full 0):
 PSYoungGen      total 23488K, used 3306K [0x0000000141ab0000, 0x0000000144890000, 0x000000015beb0000)
  eden space 20160K, 0% used [0x0000000141ab0000,0x0000000141ab0000,0x0000000142e60000)
  from space 3328K, 99% used [0x0000000142e60000,0x000000014319a838,0x00000001431a0000)
  to   space 3328K, 0% used [0x0000000144550000,0x0000000144550000,0x0000000144890000)
 ParOldGen       total 53760K, used 637K [0x000000010d2b0000, 0x0000000110730000, 0x0000000141ab0000)
  object space 53760K, 1% used [0x000000010d2b0000,0x000000010d34f7d8,0x0000000110730000)
 PSPermGen       total 21248K, used 10606K [0x00000001080b0000, 0x0000000109570000, 0x000000010d2b0000)
  object space 21248K, 49% used [0x00000001080b0000,0x0000000108b0baa8,0x0000000109570000)
}
Event: 5.893 GC heap before
{Heap before GC invocations=2 (full 0):
 PSYoungGen      total 23488K, used 23466K [0x0000000141ab0000, 0x0000000144890000, 0x000000015beb0000)
  eden space 20160K, 100% used [0x0000000141ab0000,0x0000000142e60000,0x0000000142e60000)
  from space 3328K, 99% used [0x0000000142e60000,0x000000014319a838,0x00000001431a0000)
  to   space 3328K, 0% used [0x0000000144550000,0x0000000144550000,0x0000000144890000)
 ParOldGen       total 53760K, used 637K [0x000000010d2b0000, 0x0000000110730000, 0x0000000141ab0000)
  object space 53760K, 1% used [0x000000010d2b0000,0x000000010d34f7d8,0x0000000110730000)
 PSPermGen       total 21248K, used 17362K [0x00000001080b0000, 0x0000000109570000, 0x000000010d2b0000)
  object space 21248K, 81% used [0x00000001080b0000,0x00000001091a48a8,0x0000000109570000)
Event: 5.905 GC heap after
Heap after GC invocations=2 (full 0):
 PSYoungGen      total 23488K, used 3322K [0x0000000141ab0000, 0x0000000144890000, 0x000000015beb0000)
  eden space 20160K, 0% used [0x0000000141ab0000,0x0000000141ab0000,0x0000000142e60000)
  from space 3328K, 99% used [0x0000000144550000,0x000000014488e868,0x0000000144890000)
  to   space 3328K, 0% used [0x0000000142e60000,0x0000000142e60000,0x00000001431a0000)
 ParOldGen       total 53760K, used 3728K [0x000000010d2b0000, 0x0000000110730000, 0x0000000141ab0000)
  object space 53760K, 6% used [0x000000010d2b0000,0x000000010d654390,0x0000000110730000)
 PSPermGen       total 21248K, used 17362K [0x00000001080b0000, 0x0000000109570000, 0x000000010d2b0000)
  object space 21248K, 81% used [0x00000001080b0000,0x00000001091a48a8,0x0000000109570000)
}
Event: 8.578 GC heap before
{Heap before GC invocations=3 (full 0):
 PSYoungGen      total 23488K, used 23482K [0x0000000141ab0000, 0x0000000144890000, 0x000000015beb0000)
  eden space 20160K, 100% used [0x0000000141ab0000,0x0000000142e60000,0x0000000142e60000)
  from space 3328K, 99% used [0x0000000144550000,0x000000014488e868,0x0000000144890000)
  to   space 3328K, 0% used [0x0000000142e60000,0x0000000142e60000,0x00000001431a0000)
 ParOldGen       total 53760K, used 3728K [0x000000010d2b0000, 0x0000000110730000, 0x0000000141ab0000)
  object space 53760K, 6% used [0x000000010d2b0000,0x000000010d654390,0x0000000110730000)
 PSPermGen       total 21632K, used 21520K [0x00000001080b0000, 0x00000001095d0000, 0x000000010d2b0000)
  object space 21632K, 99% used [0x00000001080b0000,0x00000001095b4088,0x00000001095d0000)
Event: 8.623 GC heap after
Heap after GC invocations=3 (full 0):
 PSYoungGen      total 23488K, used 3323K [0x0000000141ab0000, 0x0000000144560000, 0x000000015beb0000)
  eden space 20160K, 0% used [0x0000000141ab0000,0x0000000141ab0000,0x0000000142e60000)
  from space 3328K, 99% used [0x0000000142e60000,0x000000014319eca8,0x00000001431a0000)
  to   space 3328K, 0% used [0x0000000144220000,0x0000000144220000,0x0000000144560000)
 ParOldGen       total 53760K, used 7414K [0x000000010d2b0000, 0x0000000110730000, 0x0000000141ab0000)
  object space 53760K, 13% used [0x000000010d2b0000,0x000000010d9edac0,0x0000000110730000)
 PSPermGen       total 21632K, used 21520K [0x00000001080b0000, 0x00000001095d0000, 0x000000010d2b0000)
  object space 21632K, 99% used [0x00000001080b0000,0x00000001095b4088,0x00000001095d0000)
}

