# JRE version: 7.0_21-b12
# Java VM: Java HotSpot(TM) 64-Bit Server VM (23.21-b01 mixed mode bsd-amd64 compressed oops)
Heap
 PSYoungGen      total 23488K, used 13395K [0x0000000145ca0000, 0x00000001476d0000, 0x000000015fff0000)
  eden space 20160K, 50% used [0x0000000145ca0000,0x000000014667be08,0x0000000147050000)
  from space 3328K, 99% used [0x0000000147050000,0x00000001473890e0,0x0000000147390000)
  to   space 3328K, 0% used [0x0000000147390000,0x0000000147390000,0x00000001476d0000)
 ParOldGen       total 53632K, used 6570K [0x00000001115f0000, 0x0000000114a50000, 0x0000000145ca0000)
  object space 53632K, 12% used [0x00000001115f0000,0x0000000111c5aa80,0x0000000114a50000)
 PSPermGen       total 22592K, used 22445K [0x000000010c3f0000, 0x000000010da00000, 0x00000001115f0000)
  object space 22592K, 99% used [0x000000010c3f0000,0x000000010d9db5d0,0x000000010da00000)
GC Heap History (6 events):
Event: 0.851 GC heap before
{Heap before GC invocations=1 (full 0):
 PSYoungGen      total 23488K, used 20160K [0x0000000145ca0000, 0x00000001476d0000, 0x000000015fff0000)
  eden space 20160K, 100% used [0x0000000145ca0000,0x0000000147050000,0x0000000147050000)
  from space 3328K, 0% used [0x0000000147390000,0x0000000147390000,0x00000001476d0000)
  to   space 3328K, 0% used [0x0000000147050000,0x0000000147050000,0x0000000147390000)
 ParOldGen       total 53632K, used 0K [0x00000001115f0000, 0x0000000114a50000, 0x0000000145ca0000)
  object space 53632K, 0% used [0x00000001115f0000,0x00000001115f0000,0x0000000114a50000)
 PSPermGen       total 21248K, used 11064K [0x000000010c3f0000, 0x000000010d8b0000, 0x00000001115f0000)
  object space 21248K, 52% used [0x000000010c3f0000,0x000000010cebe180,0x000000010d8b0000)
Event: 0.859 GC heap after
Heap after GC invocations=1 (full 0):
 PSYoungGen      total 23488K, used 3255K [0x0000000145ca0000, 0x00000001476d0000, 0x000000015fff0000)
  eden space 20160K, 0% used [0x0000000145ca0000,0x0000000145ca0000,0x0000000147050000)
  from space 3328K, 97% used [0x0000000147050000,0x000000014737df48,0x0000000147390000)
  to   space 3328K, 0% used [0x0000000147390000,0x0000000147390000,0x00000001476d0000)
 ParOldGen       total 53632K, used 8K [0x00000001115f0000, 0x0000000114a50000, 0x0000000145ca0000)
  object space 53632K, 0% used [0x00000001115f0000,0x00000001115f2000,0x0000000114a50000)
 PSPermGen       total 21248K, used 11064K [0x000000010c3f0000, 0x000000010d8b0000, 0x00000001115f0000)
  object space 21248K, 52% used [0x000000010c3f0000,0x000000010cebe180,0x000000010d8b0000)
}
Event: 6.155 GC heap before
{Heap before GC invocations=2 (full 0):
 PSYoungGen      total 23488K, used 23415K [0x0000000145ca0000, 0x00000001476d0000, 0x000000015fff0000)
  eden space 20160K, 100% used [0x0000000145ca0000,0x0000000147050000,0x0000000147050000)
  from space 3328K, 97% used [0x0000000147050000,0x000000014737df48,0x0000000147390000)
  to   space 3328K, 0% used [0x0000000147390000,0x0000000147390000,0x00000001476d0000)
 ParOldGen       total 53632K, used 8K [0x00000001115f0000, 0x0000000114a50000, 0x0000000145ca0000)
  object space 53632K, 0% used [0x00000001115f0000,0x00000001115f2000,0x0000000114a50000)
 PSPermGen       total 21248K, used 17818K [0x000000010c3f0000, 0x000000010d8b0000, 0x00000001115f0000)
  object space 21248K, 83% used [0x000000010c3f0000,0x000000010d5569d0,0x000000010d8b0000)
Event: 6.171 GC heap after
Heap after GC invocations=2 (full 0):
 PSYoungGen      total 23488K, used 3319K [0x0000000145ca0000, 0x00000001476d0000, 0x000000015fff0000)
  eden space 20160K, 0% used [0x0000000145ca0000,0x0000000145ca0000,0x0000000147050000)
  from space 3328K, 99% used [0x0000000147390000,0x00000001476cdd48,0x00000001476d0000)
  to   space 3328K, 0% used [0x0000000147050000,0x0000000147050000,0x0000000147390000)
 ParOldGen       total 53632K, used 3105K [0x00000001115f0000, 0x0000000114a50000, 0x0000000145ca0000)
  object space 53632K, 5% used [0x00000001115f0000,0x00000001118f8540,0x0000000114a50000)
 PSPermGen       total 21248K, used 17818K [0x000000010c3f0000, 0x000000010d8b0000, 0x00000001115f0000)
  object space 21248K, 83% used [0x000000010c3f0000,0x000000010d5569d0,0x000000010d8b0000)
}
Event: 46.967 GC heap before
{Heap before GC invocations=3 (full 0):
 PSYoungGen      total 23488K, used 23479K [0x0000000145ca0000, 0x00000001476d0000, 0x000000015fff0000)
  eden space 20160K, 100% used [0x0000000145ca0000,0x0000000147050000,0x0000000147050000)
  from space 3328K, 99% used [0x0000000147390000,0x00000001476cdd48,0x00000001476d0000)
  to   space 3328K, 0% used [0x0000000147050000,0x0000000147050000,0x0000000147390000)
 ParOldGen       total 53632K, used 3105K [0x00000001115f0000, 0x0000000114a50000, 0x0000000145ca0000)
  object space 53632K, 5% used [0x00000001115f0000,0x00000001118f8540,0x0000000114a50000)
 PSPermGen       total 22016K, used 21825K [0x000000010c3f0000, 0x000000010d970000, 0x00000001115f0000)
  object space 22016K, 99% used [0x000000010c3f0000,0x000000010d9406e8,0x000000010d970000)
Event: 46.978 GC heap after
Heap after GC invocations=3 (full 0):
 PSYoungGen      total 23488K, used 3300K [0x0000000145ca0000, 0x00000001476d0000, 0x000000015fff0000)
  eden space 20160K, 0% used [0x0000000145ca0000,0x0000000145ca0000,0x0000000147050000)
  from space 3328K, 99% used [0x0000000147050000,0x00000001473890e0,0x0000000147390000)
  to   space 3328K, 0% used [0x0000000147390000,0x0000000147390000,0x00000001476d0000)
 ParOldGen       total 53632K, used 6570K [0x00000001115f0000, 0x0000000114a50000, 0x0000000145ca0000)
  object space 53632K, 12% used [0x00000001115f0000,0x0000000111c5aa80,0x0000000114a50000)
 PSPermGen       total 22016K, used 21825K [0x000000010c3f0000, 0x000000010d970000, 0x00000001115f0000)
  object space 22016K, 99% used [0x000000010c3f0000,0x000000010d9406e8,0x000000010d970000)
}

